<?xml version="1.0" encoding="UTF-8"?>
<!-- Generated by org.testng.reporters.JUnitXMLReporter -->
<testsuite hostname="DESKTOP-0NJMRIR" name="Sprint1" tests="3" failures="1" timestamp="20 Jul 2018 11:30:44 GMT" time="0.087" errors="0">
  <testcase name="FacebookTest" time="0.017" classname="FailedTestCases.TestCase1"/>
  <testcase name="TwitterTest" time="0.005" classname="FailedTestCases.TestCase2"/>
  <testcase name="WordpressTest" time="0.006" classname="FailedTestCases.TestCase3">
    <failure type="java.lang.AssertionError" message="expected [true] but found [false]">
      <![CDATA[java.lang.AssertionError: expected [true] but found [false]
	at FailedTestCases.TestCase3.WordpressTest(TestCase3.java:10)
... Removed 28 stack frames]]>
    </failure>
  </testcase> <!-- WordpressTest -->
</testsuite> <!-- Sprint1 -->
